<?xml version="1.0" encoding="UTF-8"?>
<!-- Generated by org.testng.reporters.JUnitXMLReporter -->
<testsuite ignored="0" hostname="ip-192-168-1-13.us-west-2.compute.internal" failures="5" tests="5" name="URL Loading Tests" time="91.804" errors="0" timestamp="2024-09-09T20:44:39 IST">
  <testcase classname="com.aisera.qa.automation.TenantUrlTest" name="testUrlLoading" time="8.939">
    <failure type="java.lang.AssertionError" message="The chatbot failed loaded on the :https://www.ontrac.com/faq/ expected [true] but found [false]">
      <![CDATA[java.lang.AssertionError: The chatbot failed loaded on the :https://www.ontrac.com/faq/ expected [true] but found [false]
at com.aisera.qa.automation.TenantUrlTest.testUrlLoading(TenantUrlTest.java:83)
at java.base/java.util.ArrayList.forEach(ArrayList.java:1541)
... Removed 34 stack frames]]>
    </failure>
  </testcase> <!-- testUrlLoading -->
  <testcase classname="com.aisera.qa.automation.TenantUrlTest" name="testUrlLoading" time="10.492">
    <failure type="java.lang.AssertionError" message="The chatbot failed loaded on the :https://kmotd.kodakmoments.com/app-helper/web-app/mac-os/usa/page expected [true] but found [false]">
      <![CDATA[java.lang.AssertionError: The chatbot failed loaded on the :https://kmotd.kodakmoments.com/app-helper/web-app/mac-os/usa/page expected [true] but found [false]
at com.aisera.qa.automation.TenantUrlTest.testUrlLoading(TenantUrlTest.java:83)
at java.base/java.util.ArrayList.forEach(ArrayList.java:1541)
... Removed 34 stack frames]]>
    </failure>
  </testcase> <!-- testUrlLoading -->
  <testcase classname="com.aisera.qa.automation.TenantUrlTest" name="testUrlLoading" time="28.308">
    <failure type="java.lang.AssertionError" message="The chatbot failed loaded on the :https://support.basecamptrading.com/hc/en-us expected [true] but found [false]">
      <![CDATA[java.lang.AssertionError: The chatbot failed loaded on the :https://support.basecamptrading.com/hc/en-us expected [true] but found [false]
at com.aisera.qa.automation.TenantUrlTest.testUrlLoading(TenantUrlTest.java:83)
at java.base/java.util.ArrayList.forEach(ArrayList.java:1541)
... Removed 34 stack frames]]>
    </failure>
  </testcase> <!-- testUrlLoading -->
  <testcase classname="com.aisera.qa.automation.TenantUrlTest" name="testUrlLoading" time="14.443">
    <failure type="java.lang.AssertionError" message="The chatbot failed loaded on the :https://support.onetouch.com/s/?language=en_US expected [true] but found [false]">
      <![CDATA[java.lang.AssertionError: The chatbot failed loaded on the :https://support.onetouch.com/s/?language=en_US expected [true] but found [false]
at com.aisera.qa.automation.TenantUrlTest.testUrlLoading(TenantUrlTest.java:83)
at java.base/java.util.ArrayList.forEach(ArrayList.java:1541)
... Removed 34 stack frames]]>
    </failure>
  </testcase> <!-- testUrlLoading -->
  <testcase classname="com.aisera.qa.automation.TenantUrlTest" name="testUrlLoading" time="26.999">
    <failure type="java.lang.AssertionError" message="The chatbot failed loaded on the :https://www.askgileadmedical.com/ expected [true] but found [false]">
      <![CDATA[java.lang.AssertionError: The chatbot failed loaded on the :https://www.askgileadmedical.com/ expected [true] but found [false]
at com.aisera.qa.automation.TenantUrlTest.testUrlLoading(TenantUrlTest.java:83)
at java.base/java.util.ArrayList.forEach(ArrayList.java:1541)
... Removed 34 stack frames]]>
    </failure>
  </testcase> <!-- testUrlLoading -->
</testsuite> <!-- URL Loading Tests -->
